<?xml version="1.0" encoding="UTF-8"?>
<!-- Generated by org.testng.reporters.JUnitXMLReporter -->
<testsuite ignored="0" hostname="BOOK-4QTRLAP57K" failures="0" tests="4" name="Test" time="0.119" errors="0" timestamp="2025-05-05T12:12:52 IST">
  <testcase classname="sevenMartPackage.Base" name="@BeforeMethod initializeBrowser" time="-1.746427372568E9">
    <failure type="org.testng.TestNGException" message="
Parameter &amp;apos;browsers&amp;apos; is required by BeforeMethod on method initializeBrowser but has not been marked @Optional or defined
in C:\Users\shanu\eclipse-workspace\7rMartSupermarketProject\testng.xml">
      <![CDATA[org.testng.TestNGException: 
Parameter 'browsers' is required by BeforeMethod on method initializeBrowser but has not been marked @Optional or defined
in C:\Users\shanu\eclipse-workspace\7rMartSupermarketProject\testng.xml
at java.base/java.util.ArrayList.forEach(ArrayList.java:1597)
... Removed 28 stack frames]]>
    </failure>
  </testcase> <!-- @BeforeMethod initializeBrowser -->
  <testcase classname="sevenMartPackage.Base" name="@AfterMethod driverCloseAndQuit" time="-1.746427372594E9">
    <skipped/>
  </testcase> <!-- @AfterMethod driverCloseAndQuit -->
  <testcase classname="sevenMartPackage.Base" name="@BeforeMethod initializeBrowser" time="-1.746427372598E9">
    <failure type="org.testng.TestNGException" message="
Parameter &amp;apos;browsers&amp;apos; is required by BeforeMethod on method initializeBrowser but has not been marked @Optional or defined
in C:\Users\shanu\eclipse-workspace\7rMartSupermarketProject\testng.xml">
      <![CDATA[org.testng.TestNGException: 
Parameter 'browsers' is required by BeforeMethod on method initializeBrowser but has not been marked @Optional or defined
in C:\Users\shanu\eclipse-workspace\7rMartSupermarketProject\testng.xml
at java.base/java.util.ArrayList.forEach(ArrayList.java:1597)
... Removed 28 stack frames]]>
    </failure>
  </testcase> <!-- @BeforeMethod initializeBrowser -->
  <testcase classname="sevenMartPackage.Base" name="@AfterMethod driverCloseAndQuit" time="-1.746427372605E9">
    <skipped/>
  </testcase> <!-- @AfterMethod driverCloseAndQuit -->
  <testcase classname="sevenMartPackage.Base" name="@BeforeMethod initializeBrowser" time="-1.746427372607E9">
    <failure type="org.testng.TestNGException" message="
Parameter &amp;apos;browsers&amp;apos; is required by BeforeMethod on method initializeBrowser but has not been marked @Optional or defined
in C:\Users\shanu\eclipse-workspace\7rMartSupermarketProject\testng.xml">
      <![CDATA[org.testng.TestNGException: 
Parameter 'browsers' is required by BeforeMethod on method initializeBrowser but has not been marked @Optional or defined
in C:\Users\shanu\eclipse-workspace\7rMartSupermarketProject\testng.xml
at java.base/java.util.ArrayList.forEach(ArrayList.java:1597)
... Removed 28 stack frames]]>
    </failure>
  </testcase> <!-- @BeforeMethod initializeBrowser -->
  <testcase classname="sevenMartPackage.Base" name="@AfterMethod driverCloseAndQuit" time="-1.746427372623E9">
    <skipped/>
  </testcase> <!-- @AfterMethod driverCloseAndQuit -->
  <testcase classname="sevenMartPackage.Base" name="@BeforeMethod initializeBrowser" time="-1.746427372625E9">
    <failure type="org.testng.TestNGException" message="
Parameter &amp;apos;browsers&amp;apos; is required by BeforeMethod on method initializeBrowser but has not been marked @Optional or defined
in C:\Users\shanu\eclipse-workspace\7rMartSupermarketProject\testng.xml">
      <![CDATA[org.testng.TestNGException: 
Parameter 'browsers' is required by BeforeMethod on method initializeBrowser but has not been marked @Optional or defined
in C:\Users\shanu\eclipse-workspace\7rMartSupermarketProject\testng.xml
at java.base/java.util.ArrayList.forEach(ArrayList.java:1597)
... Removed 28 stack frames]]>
    </failure>
  </testcase> <!-- @BeforeMethod initializeBrowser -->
  <testcase classname="sevenMartPackage.Base" name="@AfterMethod driverCloseAndQuit" time="-1.746427372633E9">
    <skipped/>
  </testcase> <!-- @AfterMethod driverCloseAndQuit -->
  <testcase classname="sevenMartPackage.LoginPageTest" name="verifyUserLoginWithValidCredentials" time="0.0">
    <skipped/>
  </testcase> <!-- verifyUserLoginWithValidCredentials -->
  <testcase classname="sevenMartPackage.LoginPageTest" name="verifyUserLoginWithValidUsernameAndInvalidPaswd" time="0.0">
    <skipped/>
  </testcase> <!-- verifyUserLoginWithValidUsernameAndInvalidPaswd -->
  <testcase classname="sevenMartPackage.LoginPageTest" name="verifyUserLoginWithInvalidUsrnameAndValidPaswd" time="0.0">
    <skipped/>
  </testcase> <!-- verifyUserLoginWithInvalidUsrnameAndValidPaswd -->
  <testcase classname="sevenMartPackage.LoginPageTest" name="verifyUserLoginWithInvalidCredentials" time="0.0">
    <skipped/>
  </testcase> <!-- verifyUserLoginWithInvalidCredentials -->
</testsuite> <!-- Test -->
